Performing C++ SOURCE FILE Test CMAKE_HAVE_LIBC_PTHREAD failed with the following output:
Change Dir: /home/yuki/CPlusPlus/temp/build/build-temp-Desktop_Qt_5_14_2_GCC_64bit-Debug/CMakeFiles/CMakeTmp

Run Build Command(s):/usr/bin/make cmTC_eff36/fast && /usr/bin/make -f CMakeFiles/cmTC_eff36.dir/build.make CMakeFiles/cmTC_eff36.dir/build
make[1]: Entering directory '/home/yuki/CPlusPlus/temp/build/build-temp-Desktop_Qt_5_14_2_GCC_64bit-Debug/CMakeFiles/CMakeTmp'
Building CXX object CMakeFiles/cmTC_eff36.dir/src.cxx.o
/usr/bin/g++    -DCMAKE_HAVE_LIBC_PTHREAD   -o CMakeFiles/cmTC_eff36.dir/src.cxx.o -c /home/yuki/CPlusPlus/temp/build/build-temp-Desktop_Qt_5_14_2_GCC_64bit-Debug/CMakeFiles/CMakeTmp/src.cxx
Linking CXX executable cmTC_eff36
/usr/bin/cmake -E cmake_link_script CMakeFiles/cmTC_eff36.dir/link.txt --verbose=1
/usr/bin/g++   -DCMAKE_HAVE_LIBC_PTHREAD    CMakeFiles/cmTC_eff36.dir/src.cxx.o  -o cmTC_eff36 
/usr/bin/ld: CMakeFiles/cmTC_eff36.dir/src.cxx.o: in function `main':
src.cxx:(.text+0x46): undefined reference to `pthread_create'
/usr/bin/ld: src.cxx:(.text+0x52): undefined reference to `pthread_detach'
/usr/bin/ld: src.cxx:(.text+0x63): undefined reference to `pthread_join'
collect2: error: ld returned 1 exit status
make[1]: *** [CMakeFiles/cmTC_eff36.dir/build.make:87: cmTC_eff36] Error 1
make[1]: Leaving directory '/home/yuki/CPlusPlus/temp/build/build-temp-Desktop_Qt_5_14_2_GCC_64bit-Debug/CMakeFiles/CMakeTmp'
make: *** [Makefile:121: cmTC_eff36/fast] Error 2


Source file was:
#include <pthread.h>

void* test_func(void* data)
{
  return data;
}

int main(void)
{
  pthread_t thread;
  pthread_create(&thread, NULL, test_func, NULL);
  pthread_detach(thread);
  pthread_join(thread, NULL);
  pthread_atfork(NULL, NULL, NULL);
  pthread_exit(NULL);

  return 0;
}

Determining if the function pthread_create exists in the pthreads failed with the following output:
Change Dir: /home/yuki/CPlusPlus/temp/build/build-temp-Desktop_Qt_5_14_2_GCC_64bit-Debug/CMakeFiles/CMakeTmp

Run Build Command(s):/usr/bin/make cmTC_7d9ff/fast && /usr/bin/make -f CMakeFiles/cmTC_7d9ff.dir/build.make CMakeFiles/cmTC_7d9ff.dir/build
make[1]: Entering directory '/home/yuki/CPlusPlus/temp/build/build-temp-Desktop_Qt_5_14_2_GCC_64bit-Debug/CMakeFiles/CMakeTmp'
Building CXX object CMakeFiles/cmTC_7d9ff.dir/CheckFunctionExists.cxx.o
/usr/bin/g++    -DCHECK_FUNCTION_EXISTS=pthread_create   -o CMakeFiles/cmTC_7d9ff.dir/CheckFunctionExists.cxx.o -c /home/yuki/CPlusPlus/temp/build/build-temp-Desktop_Qt_5_14_2_GCC_64bit-Debug/CMakeFiles/CheckLibraryExists/CheckFunctionExists.cxx
Linking CXX executable cmTC_7d9ff
/usr/bin/cmake -E cmake_link_script CMakeFiles/cmTC_7d9ff.dir/link.txt --verbose=1
/usr/bin/g++   -DCHECK_FUNCTION_EXISTS=pthread_create    CMakeFiles/cmTC_7d9ff.dir/CheckFunctionExists.cxx.o  -o cmTC_7d9ff  -lpthreads 
/usr/bin/ld: cannot find -lpthreads
collect2: error: ld returned 1 exit status
make[1]: *** [CMakeFiles/cmTC_7d9ff.dir/build.make:87: cmTC_7d9ff] Error 1
make[1]: Leaving directory '/home/yuki/CPlusPlus/temp/build/build-temp-Desktop_Qt_5_14_2_GCC_64bit-Debug/CMakeFiles/CMakeTmp'
make: *** [Makefile:121: cmTC_7d9ff/fast] Error 2



